<?xml version="1.0" encoding="UTF-8"?>
<!-- Generated by org.testng.reporters.JUnitXMLReporter -->
<testsuite ignored="0" hostname="DESKTOP-8IFN1D6" failures="1" tests="4" name="Function Test" time="0.026" errors="0" timestamp="13 May 2020 15:07:37 GMT">
  <testcase classname="Regression.Testcase1" name="doUserreg" time="0.005">
    <failure type="java.lang.AssertionError" message="User reg Unsuccessfull">
      <![CDATA[java.lang.AssertionError: User reg Unsuccessfull
at Regression.Testcase1.doUserreg(Testcase1.java:10)
... Removed 27 stack frames]]>
    </failure>
  </testcase> <!-- doUserreg -->
  <testcase classname="Regression.Testcase1" name="doLogin" time="0.0">
    <skipped/>
  </testcase> <!-- doLogin -->
  <testcase classname="Regression.Testcase1" name="thirdTest" time="0.002"/>
  <testcase classname="Regression.Testcase1" name="fourthTest" time="0.002"/>
</testsuite> <!-- Function Test -->
