<?xml version="1.0" encoding="UTF-8"?>
<!-- Generated by org.testng.reporters.JUnitXMLReporter -->
<testsuite ignored="1" hostname="DESKTOP-8IFN1D6" failures="1" tests="3" name="Testcase1 Test" time="0.014" errors="0" timestamp="07 Feb 2020 12:30:47 GMT">
  <testcase classname="Testcase.Testcase1" name="doUserreg" time="0.002">
    <failure type="java.lang.AssertionError" message="User reg Unsuccessfull">
      <![CDATA[java.lang.AssertionError: User reg Unsuccessfull
at Testcase.Testcase1.doUserreg(Testcase1.java:10)
... Removed 26 stack frames]]>
    </failure>
  </testcase> <!-- doUserreg -->
  <testcase classname="Testcase.Testcase1" name="doLogin" time="0.0">
    <skipped/>
  </testcase> <!-- doLogin -->
  <testcase classname="Testcase.Testcase1" name="thirdTest" time="0.002"/>
  <testcase classname="Testcase.Testcase1" name="fourthTest" time="0.0">
    <ignored/>
  </testcase> <!-- fourthTest -->
</testsuite> <!-- Testcase1 Test -->
