<?xml version="1.0" encoding="UTF-8"?>
<!-- Generated by org.testng.reporters.JUnitXMLReporter -->
<testsuite ignored="3" hostname="DESKTOP-8IFN1D6" failures="0" tests="1" name="Dependency Test" time="0.016" errors="0" timestamp="2021-01-03T19:15:31 IST">
  <testcase classname="testcases.TestCaseDependencies" name="thirdTest" time="0.002"/>
  <testcase classname="testcases.TestCaseDependencies" name="doLogin" time="0.0">
    <ignored/>
  </testcase> <!-- doLogin -->
  <testcase classname="testcases.TestCaseDependencies" name="doUserReg" time="0.0">
    <ignored/>
  </testcase> <!-- doUserReg -->
  <testcase classname="testcases.TestCaseDependencies" name="fourthTest" time="0.0">
    <ignored/>
  </testcase> <!-- fourthTest -->
</testsuite> <!-- Dependency Test -->
