<?xml version="1.0" encoding="UTF-8"?>
<!-- Generated by org.testng.reporters.JUnitXMLReporter -->
<testsuite ignored="0" hostname="DESKTOP-8IFN1D6" failures="1" tests="1" name="Failure Test" time="0.013" errors="0" timestamp="2021-01-03T19:15:31 IST">
  <testcase classname="testcases.TestFailure" name="doLogin" time="0.003">
    <failure type="java.lang.AssertionError" message="Failing log in test">
      <![CDATA[java.lang.AssertionError: Failing log in test
at testcases.TestFailure.doLogin(TestFailure.java:10)
at java.base/java.util.ArrayList.forEach(ArrayList.java:1507)
... Removed 28 stack frames]]>
    </failure>
  </testcase> <!-- doLogin -->
</testsuite> <!-- Failure Test -->
