<?xml version="1.0" encoding="UTF-8"?>
<!-- Generated by org.testng.reporters.JUnitXMLReporter -->
<testsuite ignored="0" hostname="DESKTOP-8IFN1D6" failures="1" tests="4" name="Testcase1 Test" time="0.025" errors="0" timestamp="06 Feb 2020 18:06:43 GMT">
  <testcase classname="Testcase.Testcase1" name="doUserreg" time="0.002">
    <failure type="java.lang.AssertionError" message="User reg Unsuccessfull">
      <![CDATA[java.lang.AssertionError: User reg Unsuccessfull
at Testcase.Testcase1.doUserreg(Testcase1.java:10)
... Removed 27 stack frames]]>
    </failure>
  </testcase> <!-- doUserreg -->
  <testcase classname="Testcase.Testcase1" name="doLogin" time="0.0">
    <skipped/>
  </testcase> <!-- doLogin -->
  <testcase classname="Testcase.Testcase1" name="thirdTest" time="0.003"/>
  <testcase classname="Testcase.Testcase1" name="fourthTest" time="0.002"/>
</testsuite> <!-- Testcase1 Test -->
