<?xml version="1.0" encoding="UTF-8"?>
<!-- Generated by org.testng.reporters.JUnitXMLReporter -->
<testsuite ignored="0" hostname="DESKTOP-8IFN1D6" failures="0" tests="4" name="Test" time="0.068" errors="0" timestamp="13 Feb 2020 09:32:05 GMT">
  <testcase classname="capturescreenshot.TestLogin" name="login" time="0.02"/>
  <testcase classname="capturescreenshot.TestLogin" name="userReg" time="0.008">
    <skipped/>
  </testcase> <!-- userReg -->
  <testcase classname="capturescreenshot.TestLogin" name="userReg" time="0.004">
    <skipped/>
  </testcase> <!-- userReg -->
  <testcase classname="capturescreenshot.TestLogin" name="userReg" time="0.0"/>
</testsuite> <!-- Test -->
