<?xml version="1.0" encoding="UTF-8"?>
<!-- Generated by org.testng.reporters.JUnitXMLReporter -->
<testsuite ignored="0" hostname="DESKTOP-8IFN1D6" failures="1" tests="3" name="Test" time="0.087" errors="0" timestamp="05 Jan 2021 08:14:57 GMT">
  <testcase classname="reports.TestCase" name="doLogin" time="0.017"/>
  <testcase classname="reports.TestCase" name="doUserreg" time="0.004">
    <failure type="java.lang.AssertionError" message="Failing the user reg">
      <![CDATA[java.lang.AssertionError: Failing the user reg
at reports.TestCase.doUserreg(TestCase.java:17)
... Removed 26 stack frames]]>
    </failure>
  </testcase> <!-- doUserreg -->
  <testcase classname="reports.TestCase" name="isSkip" time="0.004">
    <skipped/>
  </testcase> <!-- isSkip -->
</testsuite> <!-- Test -->
